<?xml version="1.0" encoding="UTF-8"?>
<testsuite name="com.example.tlscheckergraalvm.TlsCheckerGraalVmApplicationTests" tests="1" skipped="0" failures="0" errors="0" timestamp="2024-06-06T07:24:26" hostname="BE2BD155" time="0.784">
  <properties/>
  <testcase name="contextLoads()" classname="com.example.tlscheckergraalvm.TlsCheckerGraalVmApplicationTests" time="0.784"/>
  <system-out><![CDATA[09:24:25.664 [Test worker] INFO org.springframework.test.context.support.AnnotationConfigContextLoaderUtils -- Could not detect default configuration classes for test class [com.example.tlscheckergraalvm.TlsCheckerGraalVmApplicationTests]: TlsCheckerGraalVmApplicationTests does not declare any static, non-private, non-final, nested classes annotated with @Configuration.
09:24:25.768 [Test worker] INFO org.springframework.boot.test.context.SpringBootTestContextBootstrapper -- Found @SpringBootConfiguration com.example.tlscheckergraalvm.TlsCheckerGraalVmApplication for test class com.example.tlscheckergraalvm.TlsCheckerGraalVmApplicationTests
  .   ____          _            __ _ _
 /\\ / ___'_ __ _ _(_)_ __  __ _ \ \ \ \
( ( )\___ | '_ | '_| | '_ \/ _` | \ \ \ \
 \\/  ___)| |_)| | | | | || (_| |  ) ) ) )
  '  |____| .__|_| |_|_| |_\__, | / / / /
 =========|_|==============|___/=/_/_/_/

 :: Spring Boot ::                (v3.3.0)

2024-06-06T09:24:26.155+02:00  INFO 17172 --- [TLSCheckerGraalVM] [    Test worker] c.e.t.TlsCheckerGraalVmApplicationTests  : Starting TlsCheckerGraalVmApplicationTests using Java 17.0.6 with PID 17172 (started by A23414426 in C:\Szabi\JavaExamples\TLSCheckerGraalVM)
2024-06-06T09:24:26.157+02:00  INFO 17172 --- [TLSCheckerGraalVM] [    Test worker] c.e.t.TlsCheckerGraalVmApplicationTests  : No active profile set, falling back to 1 default profile: "default"
2024-06-06T09:24:26.672+02:00  INFO 17172 --- [TLSCheckerGraalVM] [    Test worker] c.e.t.TlsCheckerGraalVmApplicationTests  : Started TlsCheckerGraalVmApplicationTests in 0.742 seconds (process running for 2.112)
]]></system-out>
  <system-err><![CDATA[]]></system-err>
</testsuite>
